make[1]: Entering directory '/cygdrive/c/LegUp-8.1/workspace/wake_word_hdl'
############################################################
# First time running simulation. Simulation libraries will be compiled with Modelsim. This will take a few minutes...
# For Linux users: if LegUp is installed in a directory requiring 'sudo' access, please compile the hardware libraries manually in terminal:
# cd <INSTALLATION_DIR>/legup-8.1/legup/ip/libs  # Typical path would be '/usr/lib/legup-8.1/legup/ip/libs'
# sudo make LEGUP_TOOL_PATH=<PATH_TO_MODELSIM>/
############################################################
make[2]: Entering directory '/cygdrive/c/LegUp-8.1/legup/ip/libs'
# Modelsim gives warnings when compiling Altera IP library.  So re-direct
# stdout to /dev/null to avoid modelsim warnings from failing buildbot..
make -C altera LEGUP_TOOL_PATH=C:/altera/15.0/modelsim_ase/win32aloem/ > /dev/null
make -C generic LEGUP_TOOL_PATH=C:/altera/15.0/modelsim_ase/win32aloem/
make[3]: Entering directory '/cygdrive/c/LegUp-8.1/legup/ip/libs/generic'
C:/altera/15.0/modelsim_ase/win32aloem/vlib generic
C:/altera/15.0/modelsim_ase/win32aloem/vmap work generic
Model Technology ModelSim PE vmap 10.3d Lib Mapping Utility 2014.10 Oct  7 2014
vmap work generic 
Copying C:/altera/15.0/modelsim_ase/win32aloem/../modelsim.ini to modelsim.ini
Modifying modelsim.ini
for dir in barrier data_receiver divider memory_transaction_monitor multiplier mutex pipeline_register priority_arbiter register legup_select memory; do C:/altera/15.0/modelsim_ase/win32aloem/vlog $dir/*.v; done
Start time: 14:12:31 on Dec 05,2020
vlog barrier/legup_barrier.v 
Model Technology ModelSim ALTERA vlog 10.3d Compiler 2014.10 Oct  7 2014
-- Compiling module legup_barrier

Top level modules:
	legup_barrier
End time: 14:12:31 on Dec 05,2020, Elapsed time: 0:00:00
Errors: 0, Warnings: 0
Start time: 14:12:31 on Dec 05,2020
vlog data_receiver/data_receiver.v data_receiver/data_receiver_fifo.v 
Model Technology ModelSim ALTERA vlog 10.3d Compiler 2014.10 Oct  7 2014
-- Compiling module data_receiver
-- Compiling module data_receiver_fifo

Top level modules:
	data_receiver
	data_receiver_fifo
End time: 14:12:31 on Dec 05,2020, Elapsed time: 0:00:00
Errors: 0, Warnings: 0
Start time: 14:12:31 on Dec 05,2020
vlog divider/div_signed.v divider/div_unsigned.v divider/divider_stallable.v divider/divider_wrapper.v divider/legup_divider.v 
Model Technology ModelSim ALTERA vlog 10.3d Compiler 2014.10 Oct  7 2014
-- Compiling module div_signed
-- Compiling module div_unsigned
-- Compiling module divider_stallable
-- Compiling module divider_wrapper
-- Compiling module legup_divider

Top level modules:
	legup_divider
End time: 14:12:31 on Dec 05,2020, Elapsed time: 0:00:00
Errors: 0, Warnings: 0
Start time: 14:12:31 on Dec 05,2020
vlog memory_transaction_monitor/legup_memory_transaction_monitor.v 
Model Technology ModelSim ALTERA vlog 10.3d Compiler 2014.10 Oct  7 2014
-- Compiling module legup_memory_transaction_monitor

Top level modules:
	legup_memory_transaction_monitor
End time: 14:12:31 on Dec 05,2020, Elapsed time: 0:00:00
Errors: 0, Warnings: 0
Start time: 14:12:31 on Dec 05,2020
vlog multiplier/legup_mult.v multiplier/legup_mult_core.v multiplier/legup_mult_pipelined.v multiplier/legup_mult_pipelined_stallable.v 
Model Technology ModelSim ALTERA vlog 10.3d Compiler 2014.10 Oct  7 2014
-- Compiling module legup_mult
-- Compiling module legup_mult_core
-- Compiling module legup_mult_unsigned
-- Compiling module legup_mult_signed
-- Compiling module legup_mult_pipelined
-- Compiling module legup_mult_pipelined_core
-- Compiling module legup_mult_pipelined_stallable

Top level modules:
	legup_mult
End time: 14:12:31 on Dec 05,2020, Elapsed time: 0:00:00
Errors: 0, Warnings: 0
Start time: 14:12:31 on Dec 05,2020
vlog mutex/legup_lock.v 
Model Technology ModelSim ALTERA vlog 10.3d Compiler 2014.10 Oct  7 2014
-- Compiling module legup_lock

Top level modules:
	legup_lock
End time: 14:12:31 on Dec 05,2020, Elapsed time: 0:00:00
Errors: 0, Warnings: 0
Start time: 14:12:31 on Dec 05,2020
vlog pipeline_register/legup_pipeline_register.v 
Model Technology ModelSim ALTERA vlog 10.3d Compiler 2014.10 Oct  7 2014
-- Compiling module legup_pipeline_register

Top level modules:
	legup_pipeline_register
End time: 14:12:31 on Dec 05,2020, Elapsed time: 0:00:00
Errors: 0, Warnings: 0
Start time: 14:12:31 on Dec 05,2020
vlog priority_arbiter/priority_arbiter.v 
Model Technology ModelSim ALTERA vlog 10.3d Compiler 2014.10 Oct  7 2014
-- Compiling module priority_arbiter

Top level modules:
	priority_arbiter
End time: 14:12:32 on Dec 05,2020, Elapsed time: 0:00:01
Errors: 0, Warnings: 0
Start time: 14:12:32 on Dec 05,2020
vlog register/legup_register.v 
Model Technology ModelSim ALTERA vlog 10.3d Compiler 2014.10 Oct  7 2014
-- Compiling module legup_register

Top level modules:
	legup_register
End time: 14:12:32 on Dec 05,2020, Elapsed time: 0:00:00
Errors: 0, Warnings: 0
Start time: 14:12:32 on Dec 05,2020
vlog legup_select/legup_select.v 
Model Technology ModelSim ALTERA vlog 10.3d Compiler 2014.10 Oct  7 2014
-- Compiling module legup_select
-- Compiling module legup_select_leaf_lut
-- Compiling module legup_select_or_lut

Top level modules:
	legup_select
End time: 14:12:32 on Dec 05,2020, Elapsed time: 0:00:00
Errors: 0, Warnings: 0
Start time: 14:12:32 on Dec 05,2020
vlog memory/ram_dual_port.v memory/ram_dual_port_generic.v memory/ram_dual_port_intel.v memory/ram_dual_port_pipelined_stallable.v memory/ram_dual_port_simple.v memory/ram_dual_port_wrapper.v memory/ram_single_port.v memory/ram_single_port_generic.v memory/ram_single_port_intel.v memory/ram_single_port_pipelined_stallable.v memory/ram_single_port_wrapper.v memory/rom_dual_port.v memory/rom_dual_port_generic.v memory/rom_dual_port_intel.v memory/rom_dual_port_pipelined_stallable.v memory/rom_dual_port_wrapper.v memory/rom_single_port.v memory/rom_single_port_generic.v memory/rom_single_port_intel.v memory/rom_single_port_pipeline_stallable.v memory/rom_single_port_wrapper.v 
Model Technology ModelSim ALTERA vlog 10.3d Compiler 2014.10 Oct  7 2014
-- Compiling module ram_dual_port
-- Compiling module ram_dual_port_generic
-- Compiling module ram_dual_port_intel
-- Compiling module ram_dual_port_pipeline_stallable
-- Compiling module ram_dual_port_simple
-- Compiling module ram_dual_port_wrapper
-- Compiling module ram_single_port
-- Compiling module ram_single_port_generic
-- Compiling module ram_single_port_intel
-- Compiling module ram_single_port_pipeline_stallable
-- Compiling module ram_single_port_wrapper
-- Compiling module rom_dual_port
-- Compiling module rom_dual_port_generic
-- Compiling module rom_dual_port_intel
-- Compiling module rom_dual_port_pipeline_stallable
-- Compiling module rom_dual_port_wrapper
-- Compiling module rom_single_port
-- Compiling module rom_single_port_generic
-- Compiling module rom_single_port_intel
-- Compiling module rom_single_port_pipeline_stallable
-- Compiling module rom_single_port_wrapper

Top level modules:
	ram_dual_port
	ram_single_port
	rom_dual_port
	rom_single_port
End time: 14:12:32 on Dec 05,2020, Elapsed time: 0:00:00
Errors: 0, Warnings: 0
for dir in fwft_fifo; do make -C $dir LEGUP_TOOL_PATH=C:/altera/15.0/modelsim_ase/win32aloem/; done	
make[4]: Entering directory '/cygdrive/c/LegUp-8.1/legup/ip/libs/generic/fwft_fifo'
C:/altera/15.0/modelsim_ase/win32aloem/vmap work ../generic	
Model Technology ModelSim PE vmap 10.3d Lib Mapping Utility 2014.10 Oct  7 2014
vmap work ../generic 
Modifying modelsim.ini
C:/altera/15.0/modelsim_ase/win32aloem/vlog ram_dual_port_fifo.v
Model Technology ModelSim ALTERA vlog 10.3d Compiler 2014.10 Oct  7 2014
Start time: 14:12:32 on Dec 05,2020
vlog ram_dual_port_fifo.v 
-- Compiling module ram_dual_port_fifo
-- Compiling module lutram_dual_port_fifo

Top level modules:
	ram_dual_port_fifo
	lutram_dual_port_fifo
End time: 14:12:32 on Dec 05,2020, Elapsed time: 0:00:00
Errors: 0, Warnings: 0
C:/altera/15.0/modelsim_ase/win32aloem/vlog sc_fifo.v
Model Technology ModelSim ALTERA vlog 10.3d Compiler 2014.10 Oct  7 2014
Start time: 14:12:32 on Dec 05,2020
vlog sc_fifo.v 
-- Compiling module sc_fifo

Top level modules:
	sc_fifo
End time: 14:12:32 on Dec 05,2020, Elapsed time: 0:00:00
Errors: 0, Warnings: 0
C:/altera/15.0/modelsim_ase/win32aloem/vlog fwft_fifo.v
Model Technology ModelSim ALTERA vlog 10.3d Compiler 2014.10 Oct  7 2014
Start time: 14:12:32 on Dec 05,2020
vlog fwft_fifo.v 
-- Compiling module fwft_fifo
-- Compiling module fwft_fifo_bram
-- Compiling module fwft_fifo_lutram

Top level modules:
	fwft_fifo
End time: 14:12:32 on Dec 05,2020, Elapsed time: 0:00:00
Errors: 0, Warnings: 0
make[4]: Leaving directory '/cygdrive/c/LegUp-8.1/legup/ip/libs/generic/fwft_fifo'
make[3]: Leaving directory '/cygdrive/c/LegUp-8.1/legup/ip/libs/generic'
make -C legup_fp LEGUP_TOOL_PATH=C:/altera/15.0/modelsim_ase/win32aloem/
make[3]: Entering directory '/cygdrive/c/LegUp-8.1/legup/ip/libs/legup_fp'
make[3]: Nothing to be done for 'all'.
make[3]: Leaving directory '/cygdrive/c/LegUp-8.1/legup/ip/libs/legup_fp'
if [ -d microsemi ]; then make -C microsemi LEGUP_TOOL_PATH=C:/altera/15.0/modelsim_ase/win32aloem/; fi;
./setup_ip_qsf.sh 
./setup_sim_library.sh
touch __sim_lib_created
make[2]: Leaving directory '/cygdrive/c/LegUp-8.1/legup/ip/libs'
Finished compiling Modelsim libraries.
Reading C:/altera/15.0/modelsim_ase/tcl/vsim/pref.tcl

# 10.3d

# vlib work
#  exit
Start time: 14:12:38 on Dec 05,2020
vlog ../wake_word_hdl.v ../streaming_tb.v 
Model Technology ModelSim ALTERA vlog 10.3d Compiler 2014.10 Oct  7 2014
-- Compiling module FIRFilterStreaming_top
-- Compiling module FIRFilterStreaming
-- Compiling module streaming_tb

Top level modules:
	streaming_tb
End time: 14:12:38 on Dec 05,2020, Elapsed time: 0:00:00
Errors: 0, Warnings: 0
Reading C:/altera/15.0/modelsim_ase/tcl/vsim/pref.tcl

# 10.3d

# source sim_library.tcl
# Model Technology ModelSim PE vmap 10.3d Lib Mapping Utility 2014.10 Oct  7 2014
# vmap -modelsim_quiet legup_fp C:\LegUp-8.1\legup/ip/libs/legup_fp/legup_fp 
# Modifying modelsim.ini
#  exit
Reading C:/altera/15.0/modelsim_ase/tcl/vsim/pref.tcl

# 10.3d

# vsim "+nowarn8607" -suppress 8607 -suppress 2249 -suppress 2685 -suppress 2718 -suppress 3017 -suppress 3722 -c -do "set StdArithNoWarnings 1; run 1000000000000000ns; exit;" work.streaming_tb -L altera_ver -L lpm_ver -L sgate_ver -L altera_lnsim_ver -L altera_mf_ver -L altera_mf -L altera_lnsim -L altfp -L legup_fp -L twentynm -L generic -L cycloneiv 
# Start time: 14:12:41 on Dec 05,2020
# Loading work.streaming_tb
# Loading work.FIRFilterStreaming_top
# Loading work.FIRFilterStreaming
# set StdArithNoWarnings 1
# 1
#  run 1000000000000000ns
# FIRFilterStreaming input:           1
# FIRFilterStreaming input:           2
# FIRFilterStreaming input:           3
# FIRFilterStreaming input:           4
# FIRFilterStreaming output:           0
# FIRFilterStreaming input:           5
# FIRFilterStreaming output:           0
# FIRFilterStreaming input:           6
# FIRFilterStreaming output:           0
# FIRFilterStreaming input:           7
# FIRFilterStreaming output:           0
# FIRFilterStreaming input:           8
# FIRFilterStreaming output:           0
# FIRFilterStreaming input:           9
# FIRFilterStreaming output:           0
# FIRFilterStreaming input:          10
# FIRFilterStreaming output:           0
# FIRFilterStreaming input:          11
# FIRFilterStreaming output:           0
# FIRFilterStreaming input:          12
# FIRFilterStreaming output:           0
# FIRFilterStreaming input:          13
# FIRFilterStreaming output:           0
# FIRFilterStreaming input:          14
# FIRFilterStreaming output:           0
# FIRFilterStreaming input:          15
# FIRFilterStreaming output:           0
# FIRFilterStreaming input:          16
# FIRFilterStreaming output:           0
# FIRFilterStreaming input:          17
# FIRFilterStreaming output:           0
# FIRFilterStreaming input:          18
# FIRFilterStreaming output:           0
# FIRFilterStreaming input:          19
# FIRFilterStreaming output:        1360
# FIRFilterStreaming input:          20
# FIRFilterStreaming output:        1480
# FIRFilterStreaming input:          21
# FIRFilterStreaming output:        1600
# FIRFilterStreaming input:          22
# FIRFilterStreaming output:        1720
# FIRFilterStreaming input:          23
# FIRFilterStreaming output:        1840
# FIRFilterStreaming input:          24
# FIRFilterStreaming output:        1960
# FIRFilterStreaming input:          25
# FIRFilterStreaming output:        2080
# FIRFilterStreaming input:          26
# FIRFilterStreaming output:        2200
# FIRFilterStreaming input:          27
# FIRFilterStreaming output:        2320
# FIRFilterStreaming input:          28
# FIRFilterStreaming output:        2440
# FIRFilterStreaming input:          29
# FIRFilterStreaming output:        2560
# FIRFilterStreaming input:          30
# FIRFilterStreaming output:        2680
# FIRFilterStreaming input:          31
# FIRFilterStreaming output:        2800
# FIRFilterStreaming input:          32
# FIRFilterStreaming output:        2920
# FIRFilterStreaming input:          33
# FIRFilterStreaming output:        3040
# FIRFilterStreaming input:          34
# FIRFilterStreaming output:        3160
# FIRFilterStreaming input:          35
# FIRFilterStreaming output:        3280
# FIRFilterStreaming input:          36
# FIRFilterStreaming output:        3400
# FIRFilterStreaming input:          37
# FIRFilterStreaming output:        3520
# FIRFilterStreaming input:          38
# FIRFilterStreaming output:        3640
# FIRFilterStreaming input:          39
# FIRFilterStreaming output:        3760
# FIRFilterStreaming input:          40
# FIRFilterStreaming output:        3880
# FIRFilterStreaming input:          41
# FIRFilterStreaming output:        4000
# FIRFilterStreaming input:          42
# FIRFilterStreaming output:        4120
# FIRFilterStreaming input:          43
# FIRFilterStreaming output:        4240
# FIRFilterStreaming input:          44
# FIRFilterStreaming output:        4360
# FIRFilterStreaming input:          45
# FIRFilterStreaming output:        4480
# FIRFilterStreaming input:          46
# FIRFilterStreaming output:        4600
# FIRFilterStreaming input:          47
# FIRFilterStreaming output:        4720
# FIRFilterStreaming input:          48
# FIRFilterStreaming output:        4840
# FIRFilterStreaming input:          49
# FIRFilterStreaming output:        4960
# FIRFilterStreaming input:          50
# FIRFilterStreaming output:        5080
# FIRFilterStreaming input:          51
# FIRFilterStreaming output:        5200
# FIRFilterStreaming input:          52
# FIRFilterStreaming output:        5320
# FIRFilterStreaming input:          53
# FIRFilterStreaming output:        5440
# FIRFilterStreaming input:          54
# FIRFilterStreaming output:        5560
# FIRFilterStreaming input:          55
# FIRFilterStreaming output:        5680
# FIRFilterStreaming input:          56
# FIRFilterStreaming output:        5800
# FIRFilterStreaming input:          57
# FIRFilterStreaming output:        5920
# FIRFilterStreaming input:          58
# FIRFilterStreaming output:        6040
# FIRFilterStreaming input:          59
# FIRFilterStreaming output:        6160
# FIRFilterStreaming input:          60
# FIRFilterStreaming output:        6280
# FIRFilterStreaming input:          61
# FIRFilterStreaming output:        6400
# FIRFilterStreaming input:          62
# FIRFilterStreaming output:        6520
# FIRFilterStreaming input:          63
# FIRFilterStreaming output:        6640
# FIRFilterStreaming input:          64
# FIRFilterStreaming output:        6760
# FIRFilterStreaming input:          65
# FIRFilterStreaming output:        6880
# FIRFilterStreaming input:          66
# FIRFilterStreaming output:        7000
# FIRFilterStreaming input:          67
# FIRFilterStreaming output:        7120
# FIRFilterStreaming input:          68
# FIRFilterStreaming output:        7240
# FIRFilterStreaming input:          69
# FIRFilterStreaming output:        7360
# FIRFilterStreaming input:          70
# FIRFilterStreaming output:        7480
# FIRFilterStreaming input:          71
# FIRFilterStreaming output:        7600
# FIRFilterStreaming input:          72
# FIRFilterStreaming output:        7720
# FIRFilterStreaming input:          73
# FIRFilterStreaming output:        7840
# FIRFilterStreaming input:          74
# FIRFilterStreaming output:        7960
# FIRFilterStreaming input:          75
# FIRFilterStreaming output:        8080
# FIRFilterStreaming input:          76
# FIRFilterStreaming output:        8200
# FIRFilterStreaming input:          77
# FIRFilterStreaming output:        8320
# FIRFilterStreaming input:          78
# FIRFilterStreaming output:        8440
# FIRFilterStreaming input:          79
# FIRFilterStreaming output:        8560
# FIRFilterStreaming input:          80
# FIRFilterStreaming output:        8680
# FIRFilterStreaming input:          81
# FIRFilterStreaming output:        8800
# FIRFilterStreaming input:          82
# FIRFilterStreaming output:        8920
# FIRFilterStreaming input:          83
# FIRFilterStreaming output:        9040
# FIRFilterStreaming input:          84
# FIRFilterStreaming output:        9160
# FIRFilterStreaming input:          85
# FIRFilterStreaming output:        9280
# FIRFilterStreaming input:          86
# FIRFilterStreaming output:        9400
# FIRFilterStreaming input:          87
# FIRFilterStreaming output:        9520
# FIRFilterStreaming input:          88
# FIRFilterStreaming output:        9640
# FIRFilterStreaming input:          89
# FIRFilterStreaming output:        9760
# FIRFilterStreaming input:          90
# FIRFilterStreaming output:        9880
# FIRFilterStreaming input:          91
# FIRFilterStreaming output:       10000
# FIRFilterStreaming input:          92
# FIRFilterStreaming output:       10120
# FIRFilterStreaming input:          93
# FIRFilterStreaming output:       10240
# FIRFilterStreaming input:          94
# FIRFilterStreaming output:       10360
# FIRFilterStreaming input:          95
# FIRFilterStreaming output:       10480
# FIRFilterStreaming input:          96
# FIRFilterStreaming output:       10600
# FIRFilterStreaming input:          97
# FIRFilterStreaming output:       10720
# FIRFilterStreaming input:          98
# FIRFilterStreaming output:       10840
# FIRFilterStreaming input:          99
# FIRFilterStreaming output:       10960
# FIRFilterStreaming input:         100
# FIRFilterStreaming output:       11080
# FIRFilterStreaming input:         101
# FIRFilterStreaming output:       11200
# FIRFilterStreaming input:         102
# FIRFilterStreaming output:       11320
# FIRFilterStreaming input:         103
# FIRFilterStreaming output:       11440
# FIRFilterStreaming input:         104
# FIRFilterStreaming output:       11560
# FIRFilterStreaming input:         105
# FIRFilterStreaming output:       11680
# FIRFilterStreaming input:         106
# FIRFilterStreaming output:       11800
# FIRFilterStreaming input:         107
# FIRFilterStreaming output:       11920
# FIRFilterStreaming input:         108
# FIRFilterStreaming output:       12040
# FIRFilterStreaming input:         109
# FIRFilterStreaming output:       12160
# FIRFilterStreaming input:         110
# FIRFilterStreaming output:       12280
# FIRFilterStreaming input:         111
# FIRFilterStreaming output:       12400
# FIRFilterStreaming input:         112
# FIRFilterStreaming output:       12520
# FIRFilterStreaming input:         113
# FIRFilterStreaming output:       12640
# FIRFilterStreaming input:         114
# FIRFilterStreaming output:       12760
# FIRFilterStreaming input:         115
# FIRFilterStreaming output:       12880
# FIRFilterStreaming input:         116
# FIRFilterStreaming output:       13000
# FIRFilterStreaming input:         117
# FIRFilterStreaming output:       13120
# FIRFilterStreaming input:         118
# FIRFilterStreaming output:       13240
# FIRFilterStreaming input:         119
# FIRFilterStreaming output:       13360
# FIRFilterStreaming input:         120
# FIRFilterStreaming output:       13480
# FIRFilterStreaming input:         121
# FIRFilterStreaming output:       13600
# FIRFilterStreaming input:         122
# FIRFilterStreaming output:       13720
# FIRFilterStreaming input:         123
# FIRFilterStreaming output:       13840
# FIRFilterStreaming input:         124
# FIRFilterStreaming output:       13960
# FIRFilterStreaming input:         125
# FIRFilterStreaming output:       14080
# FIRFilterStreaming input:         126
# FIRFilterStreaming output:       14200
# FIRFilterStreaming input:         127
# FIRFilterStreaming output:       14320
# FIRFilterStreaming input:         128
# FIRFilterStreaming output:       14440
# FIRFilterStreaming input:         129
# FIRFilterStreaming output:       14560
# FIRFilterStreaming input:         130
# FIRFilterStreaming output:       14680
# FIRFilterStreaming input:         131
# FIRFilterStreaming output:       14800
# FIRFilterStreaming input:         132
# FIRFilterStreaming output:       14920
# FIRFilterStreaming input:         133
# FIRFilterStreaming output:       15040
# FIRFilterStreaming input:         134
# FIRFilterStreaming output:       15160
# FIRFilterStreaming input:         135
# FIRFilterStreaming output:       15280
# FIRFilterStreaming input:         136
# FIRFilterStreaming output:       15400
# FIRFilterStreaming input:         137
# FIRFilterStreaming output:       15520
# FIRFilterStreaming input:         138
# FIRFilterStreaming output:       15640
# FIRFilterStreaming input:         139
# FIRFilterStreaming output:       15760
# FIRFilterStreaming input:         140
# FIRFilterStreaming output:       15880
# FIRFilterStreaming input:         141
# FIRFilterStreaming output:       16000
# FIRFilterStreaming input:         142
# FIRFilterStreaming output:       16120
# FIRFilterStreaming input:         143
# FIRFilterStreaming output:       16240
# FIRFilterStreaming input:         144
# FIRFilterStreaming output:       16360
# FIRFilterStreaming input:         145
# FIRFilterStreaming output:       16480
# FIRFilterStreaming input:         146
# FIRFilterStreaming output:       16600
# FIRFilterStreaming input:         147
# FIRFilterStreaming output:       16720
# FIRFilterStreaming input:         148
# FIRFilterStreaming output:       16840
# FIRFilterStreaming input:         149
# FIRFilterStreaming output:       16960
# FIRFilterStreaming input:         150
# FIRFilterStreaming output:       17080
# FIRFilterStreaming input:         151
# FIRFilterStreaming output:       17200
# FIRFilterStreaming input:         152
# FIRFilterStreaming output:       17320
# FIRFilterStreaming input:         153
# FIRFilterStreaming output:       17440
# FIRFilterStreaming input:         154
# FIRFilterStreaming output:       17560
# FIRFilterStreaming input:         155
# FIRFilterStreaming output:       17680
# FIRFilterStreaming input:         156
# FIRFilterStreaming output:       17800
# FIRFilterStreaming input:         157
# FIRFilterStreaming output:       17920
# FIRFilterStreaming input:         158
# FIRFilterStreaming output:       18040
# FIRFilterStreaming input:         159
# FIRFilterStreaming output:       18160
# FIRFilterStreaming input:         160
# FIRFilterStreaming output:       18280
# FIRFilterStreaming input:         161
# FIRFilterStreaming output:       18400
# FIRFilterStreaming input:         162
# FIRFilterStreaming output:       18520
# FIRFilterStreaming input:         163
# FIRFilterStreaming output:       18640
# FIRFilterStreaming input:         164
# FIRFilterStreaming output:       18760
# FIRFilterStreaming input:         165
# FIRFilterStreaming output:       18880
# FIRFilterStreaming input:         166
# FIRFilterStreaming output:       19000
# FIRFilterStreaming input:         167
# FIRFilterStreaming output:       19120
# FIRFilterStreaming input:         168
# FIRFilterStreaming output:       19240
# FIRFilterStreaming input:         169
# FIRFilterStreaming output:       19360
# FIRFilterStreaming input:         170
# FIRFilterStreaming output:       19480
# FIRFilterStreaming input:         171
# FIRFilterStreaming output:       19600
# FIRFilterStreaming input:         172
# FIRFilterStreaming output:       19720
# FIRFilterStreaming input:         173
# FIRFilterStreaming output:       19840
# FIRFilterStreaming input:         174
# FIRFilterStreaming output:       19960
# FIRFilterStreaming input:         175
# FIRFilterStreaming output:       20080
# FIRFilterStreaming input:         176
# FIRFilterStreaming output:       20200
# FIRFilterStreaming input:         177
# FIRFilterStreaming output:       20320
# FIRFilterStreaming input:         178
# FIRFilterStreaming output:       20440
# FIRFilterStreaming input:         179
# FIRFilterStreaming output:       20560
# FIRFilterStreaming input:         180
# FIRFilterStreaming output:       20680
# FIRFilterStreaming input:         181
# FIRFilterStreaming output:       20800
# FIRFilterStreaming input:         182
# FIRFilterStreaming output:       20920
# FIRFilterStreaming input:         183
# FIRFilterStreaming output:       21040
# FIRFilterStreaming input:         184
# FIRFilterStreaming output:       21160
# FIRFilterStreaming input:         185
# FIRFilterStreaming output:       21280
# FIRFilterStreaming input:         186
# FIRFilterStreaming output:       21400
# FIRFilterStreaming input:         187
# FIRFilterStreaming output:       21520
# FIRFilterStreaming input:         188
# FIRFilterStreaming output:       21640
# FIRFilterStreaming input:         189
# FIRFilterStreaming output:       21760
# FIRFilterStreaming input:         190
# FIRFilterStreaming output:       21880
# FIRFilterStreaming input:         191
# FIRFilterStreaming output:       22000
# FIRFilterStreaming input:         192
# FIRFilterStreaming output:       22120
# FIRFilterStreaming input:         193
# FIRFilterStreaming output:       22240
# FIRFilterStreaming input:         194
# FIRFilterStreaming output:       22360
# FIRFilterStreaming input:         195
# FIRFilterStreaming output:       22480
# FIRFilterStreaming input:         196
# FIRFilterStreaming output:       22600
# FIRFilterStreaming input:         197
# FIRFilterStreaming output:       22720
# FIRFilterStreaming input:         198
# FIRFilterStreaming output:       22840
# FIRFilterStreaming input:         199
# FIRFilterStreaming output:       22960
# FIRFilterStreaming input:         200
# FIRFilterStreaming output:       23080
# FIRFilterStreaming input:         201
# FIRFilterStreaming output:       23200
# FIRFilterStreaming input:         202
# FIRFilterStreaming output:       23320
# FIRFilterStreaming input:         203
# FIRFilterStreaming output:       23440
# FIRFilterStreaming input:         204
# FIRFilterStreaming output:       23560
# FIRFilterStreaming input:         205
# FIRFilterStreaming output:       23680
# FIRFilterStreaming input:         206
# FIRFilterStreaming output:       23800
# FIRFilterStreaming input:         207
# FIRFilterStreaming output:       23920
# FIRFilterStreaming input:         208
# FIRFilterStreaming output:       24040
# FIRFilterStreaming input:         209
# FIRFilterStreaming output:       24160
# FIRFilterStreaming input:         210
# FIRFilterStreaming output:       24280
# FIRFilterStreaming input:         211
# FIRFilterStreaming output:       24400
# FIRFilterStreaming input:         212
# FIRFilterStreaming output:       24520
# FIRFilterStreaming input:         213
# FIRFilterStreaming output:       24640
# FIRFilterStreaming input:         214
# FIRFilterStreaming output:       24760
# FIRFilterStreaming input:         215
# FIRFilterStreaming output:       24880
# FIRFilterStreaming input:         216
# FIRFilterStreaming output:       25000
# FIRFilterStreaming input:         217
# FIRFilterStreaming output:       25120
# FIRFilterStreaming input:         218
# FIRFilterStreaming output:       25240
# FIRFilterStreaming input:         219
# FIRFilterStreaming output:       25360
# FIRFilterStreaming input:         220
# FIRFilterStreaming output:       25480
# FIRFilterStreaming input:         221
# FIRFilterStreaming output:       25600
# FIRFilterStreaming input:         222
# FIRFilterStreaming output:       25720
# FIRFilterStreaming input:         223
# FIRFilterStreaming output:       25840
# FIRFilterStreaming input:         224
# FIRFilterStreaming output:       25960
# FIRFilterStreaming input:         225
# FIRFilterStreaming output:       26080
# FIRFilterStreaming input:         226
# FIRFilterStreaming output:       26200
# FIRFilterStreaming input:         227
# FIRFilterStreaming output:       26320
# FIRFilterStreaming input:         228
# FIRFilterStreaming output:       26440
# FIRFilterStreaming input:         229
# FIRFilterStreaming output:       26560
# FIRFilterStreaming input:         230
# FIRFilterStreaming output:       26680
# FIRFilterStreaming input:         231
# FIRFilterStreaming output:       26800
# FIRFilterStreaming input:         232
# FIRFilterStreaming output:       26920
# FIRFilterStreaming input:         233
# FIRFilterStreaming output:       27040
# FIRFilterStreaming input:         234
# FIRFilterStreaming output:       27160
# FIRFilterStreaming input:         235
# FIRFilterStreaming output:       27280
# FIRFilterStreaming input:         236
# FIRFilterStreaming output:       27400
# FIRFilterStreaming input:         237
# FIRFilterStreaming output:       27520
# FIRFilterStreaming input:         238
# FIRFilterStreaming output:       27640
# FIRFilterStreaming input:         239
# FIRFilterStreaming output:       27760
# FIRFilterStreaming input:         240
# FIRFilterStreaming output:       27880
# FIRFilterStreaming input:         241
# FIRFilterStreaming output:       28000
# FIRFilterStreaming input:         242
# FIRFilterStreaming output:       28120
# FIRFilterStreaming input:         243
# FIRFilterStreaming output:       28240
# FIRFilterStreaming input:         244
# FIRFilterStreaming output:       28360
# FIRFilterStreaming input:         245
# FIRFilterStreaming output:       28480
# FIRFilterStreaming input:         246
# FIRFilterStreaming output:       28600
# FIRFilterStreaming input:         247
# FIRFilterStreaming output:       28720
# FIRFilterStreaming input:         248
# FIRFilterStreaming output:       28840
# FIRFilterStreaming input:         249
# FIRFilterStreaming output:       28960
# FIRFilterStreaming input:         250
# FIRFilterStreaming output:       29080
# FIRFilterStreaming input:         251
# FIRFilterStreaming output:       29200
# FIRFilterStreaming input:         252
# FIRFilterStreaming output:       29320
# FIRFilterStreaming input:         253
# FIRFilterStreaming output:       29440
# FIRFilterStreaming input:         254
# FIRFilterStreaming output:       29560
# FIRFilterStreaming input:         255
# FIRFilterStreaming output:       29680
# FIRFilterStreaming input:         256
# FIRFilterStreaming output:       29800
# FIRFilterStreaming input:         257
# FIRFilterStreaming output:       29920
# FIRFilterStreaming input:         258
# FIRFilterStreaming output:       30040
# FIRFilterStreaming input:         259
# FIRFilterStreaming output:       30160
# FIRFilterStreaming input:         260
# FIRFilterStreaming output:       30280
# FIRFilterStreaming input:         261
# FIRFilterStreaming output:       30400
# FIRFilterStreaming input:         262
# FIRFilterStreaming output:       30520
# FIRFilterStreaming input:         263
# FIRFilterStreaming output:       30640
# FIRFilterStreaming input:         264
# FIRFilterStreaming output:       30760
# FIRFilterStreaming input:         265
# FIRFilterStreaming output:       30880
# FIRFilterStreaming input:         266
# FIRFilterStreaming output:       31000
# FIRFilterStreaming input:         267
# FIRFilterStreaming output:       31120
# FIRFilterStreaming input:         268
# FIRFilterStreaming output:       31240
# FIRFilterStreaming input:         269
# FIRFilterStreaming output:       31360
# FIRFilterStreaming input:         270
# FIRFilterStreaming output:       31480
# FIRFilterStreaming input:         271
# FIRFilterStreaming output:       31600
# FIRFilterStreaming input:         272
# FIRFilterStreaming output:       31720
# FIRFilterStreaming input:         273
# FIRFilterStreaming output:       31840
# FIRFilterStreaming input:         274
# FIRFilterStreaming output:       31960
# FIRFilterStreaming input:         275
# FIRFilterStreaming output:       32080
# FIRFilterStreaming input:         276
# FIRFilterStreaming output:       32200
# FIRFilterStreaming input:         277
# FIRFilterStreaming output:       32320
# FIRFilterStreaming input:         278
# FIRFilterStreaming output:       32440
# FIRFilterStreaming input:         279
# FIRFilterStreaming output:       32560
# FIRFilterStreaming input:         280
# FIRFilterStreaming output:       32680
# FIRFilterStreaming input:         281
# FIRFilterStreaming output:       32800
# FIRFilterStreaming input:         282
# FIRFilterStreaming output:       32920
# FIRFilterStreaming input:         283
# FIRFilterStreaming output:       33040
# FIRFilterStreaming input:         284
# FIRFilterStreaming output:       33160
# FIRFilterStreaming input:         285
# FIRFilterStreaming output:       33280
# FIRFilterStreaming input:         286
# FIRFilterStreaming output:       33400
# FIRFilterStreaming input:         287
# FIRFilterStreaming output:       33520
# FIRFilterStreaming input:         288
# FIRFilterStreaming output:       33640
# FIRFilterStreaming input:         289
# FIRFilterStreaming output:       33760
# FIRFilterStreaming input:         290
# FIRFilterStreaming output:       33880
# FIRFilterStreaming input:         291
# FIRFilterStreaming output:       34000
# FIRFilterStreaming input:         292
# FIRFilterStreaming output:       34120
# FIRFilterStreaming input:         293
# FIRFilterStreaming output:       34240
# FIRFilterStreaming input:         294
# FIRFilterStreaming output:       34360
# FIRFilterStreaming input:         295
# FIRFilterStreaming output:       34480
# FIRFilterStreaming input:         296
# FIRFilterStreaming output:       34600
# FIRFilterStreaming input:         297
# FIRFilterStreaming output:       34720
# FIRFilterStreaming input:         298
# FIRFilterStreaming output:       34840
# FIRFilterStreaming input:         299
# FIRFilterStreaming output:       34960
# FIRFilterStreaming input:         300
# FIRFilterStreaming output:       35080
# FIRFilterStreaming input:         301
# FIRFilterStreaming output:       35200
# FIRFilterStreaming input:         302
# FIRFilterStreaming output:       35320
# FIRFilterStreaming input:         303
# FIRFilterStreaming output:       35440
# FIRFilterStreaming input:         304
# FIRFilterStreaming output:       35560
# FIRFilterStreaming input:         305
# FIRFilterStreaming output:       35680
# FIRFilterStreaming input:         306
# FIRFilterStreaming output:       35800
# FIRFilterStreaming input:         307
# FIRFilterStreaming output:       35920
# FIRFilterStreaming input:         308
# FIRFilterStreaming output:       36040
# FIRFilterStreaming input:         309
# FIRFilterStreaming output:       36160
# FIRFilterStreaming input:         310
# FIRFilterStreaming output:       36280
# FIRFilterStreaming input:         311
# FIRFilterStreaming output:       36400
# FIRFilterStreaming input:         312
# FIRFilterStreaming output:       36520
# FIRFilterStreaming input:         313
# FIRFilterStreaming output:       36640
# FIRFilterStreaming input:         314
# FIRFilterStreaming output:       36760
# FIRFilterStreaming input:         315
# FIRFilterStreaming output:       36880
# FIRFilterStreaming input:         316
# FIRFilterStreaming output:       37000
# FIRFilterStreaming input:         317
# FIRFilterStreaming output:       37120
# FIRFilterStreaming input:         318
# FIRFilterStreaming output:       37240
# FIRFilterStreaming input:         319
# FIRFilterStreaming output:       37360
# FIRFilterStreaming input:         320
# FIRFilterStreaming output:       37480
# FIRFilterStreaming input:         321
# FIRFilterStreaming output:       37600
# FIRFilterStreaming input:         322
# FIRFilterStreaming output:       37720
# FIRFilterStreaming input:         323
# FIRFilterStreaming output:       37840
# FIRFilterStreaming input:         324
# FIRFilterStreaming output:       37960
# FIRFilterStreaming input:         325
# FIRFilterStreaming output:       38080
# FIRFilterStreaming input:         326
# FIRFilterStreaming output:       38200
# FIRFilterStreaming input:         327
# FIRFilterStreaming output:       38320
# FIRFilterStreaming input:         328
# FIRFilterStreaming output:       38440
# FIRFilterStreaming input:         329
# FIRFilterStreaming output:       38560
# FIRFilterStreaming input:         330
# FIRFilterStreaming output:       38680
# FIRFilterStreaming input:         331
# FIRFilterStreaming output:       38800
# FIRFilterStreaming input:         332
# FIRFilterStreaming output:       38920
# FIRFilterStreaming input:         333
# FIRFilterStreaming output:       39040
# FIRFilterStreaming input:         334
# FIRFilterStreaming output:       39160
# FIRFilterStreaming input:         335
# FIRFilterStreaming output:       39280
# FIRFilterStreaming input:         336
# FIRFilterStreaming output:       39400
# FIRFilterStreaming input:         337
# FIRFilterStreaming output:       39520
# FIRFilterStreaming input:         338
# FIRFilterStreaming output:       39640
# FIRFilterStreaming input:         339
# FIRFilterStreaming output:       39760
# FIRFilterStreaming input:         340
# FIRFilterStreaming output:       39880
# FIRFilterStreaming input:         341
# FIRFilterStreaming output:       40000
# FIRFilterStreaming input:         342
# FIRFilterStreaming output:       40120
# FIRFilterStreaming input:         343
# FIRFilterStreaming output:       40240
# FIRFilterStreaming input:         344
# FIRFilterStreaming output:       40360
# FIRFilterStreaming input:         345
# FIRFilterStreaming output:       40480
# FIRFilterStreaming input:         346
# FIRFilterStreaming output:       40600
# FIRFilterStreaming input:         347
# FIRFilterStreaming output:       40720
# FIRFilterStreaming input:         348
# FIRFilterStreaming output:       40840
# FIRFilterStreaming input:         349
# FIRFilterStreaming output:       40960
# FIRFilterStreaming input:         350
# FIRFilterStreaming output:       41080
# FIRFilterStreaming input:         351
# FIRFilterStreaming output:       41200
# FIRFilterStreaming input:         352
# FIRFilterStreaming output:       41320
# FIRFilterStreaming input:         353
# FIRFilterStreaming output:       41440
# FIRFilterStreaming input:         354
# FIRFilterStreaming output:       41560
# FIRFilterStreaming input:         355
# FIRFilterStreaming output:       41680
# FIRFilterStreaming input:         356
# FIRFilterStreaming output:       41800
# FIRFilterStreaming input:         357
# FIRFilterStreaming output:       41920
# FIRFilterStreaming input:         358
# FIRFilterStreaming output:       42040
# FIRFilterStreaming input:         359
# FIRFilterStreaming output:       42160
# FIRFilterStreaming input:         360
# FIRFilterStreaming output:       42280
# FIRFilterStreaming input:         361
# FIRFilterStreaming output:       42400
# FIRFilterStreaming input:         362
# FIRFilterStreaming output:       42520
# FIRFilterStreaming input:         363
# FIRFilterStreaming output:       42640
# FIRFilterStreaming input:         364
# FIRFilterStreaming output:       42760
# FIRFilterStreaming input:         365
# FIRFilterStreaming output:       42880
# FIRFilterStreaming input:         366
# FIRFilterStreaming output:       43000
# FIRFilterStreaming input:         367
# FIRFilterStreaming output:       43120
# FIRFilterStreaming input:         368
# FIRFilterStreaming output:       43240
# FIRFilterStreaming input:         369
# FIRFilterStreaming output:       43360
# FIRFilterStreaming input:         370
# FIRFilterStreaming output:       43480
# FIRFilterStreaming input:         371
# FIRFilterStreaming output:       43600
# FIRFilterStreaming input:         372
# FIRFilterStreaming output:       43720
# FIRFilterStreaming input:         373
# FIRFilterStreaming output:       43840
# FIRFilterStreaming input:         374
# FIRFilterStreaming output:       43960
# FIRFilterStreaming input:         375
# FIRFilterStreaming output:       44080
# FIRFilterStreaming input:         376
# FIRFilterStreaming output:       44200
# FIRFilterStreaming input:         377
# FIRFilterStreaming output:       44320
# FIRFilterStreaming input:         378
# FIRFilterStreaming output:       44440
# FIRFilterStreaming input:         379
# FIRFilterStreaming output:       44560
# FIRFilterStreaming input:         380
# FIRFilterStreaming output:       44680
# FIRFilterStreaming input:         381
# FIRFilterStreaming output:       44800
# FIRFilterStreaming input:         382
# FIRFilterStreaming output:       44920
# FIRFilterStreaming input:         383
# FIRFilterStreaming output:       45040
# FIRFilterStreaming input:         384
# FIRFilterStreaming output:       45160
# FIRFilterStreaming input:         385
# FIRFilterStreaming output:       45280
# FIRFilterStreaming input:         386
# FIRFilterStreaming output:       45400
# FIRFilterStreaming input:         387
# FIRFilterStreaming output:       45520
# FIRFilterStreaming input:         388
# FIRFilterStreaming output:       45640
# FIRFilterStreaming input:         389
# FIRFilterStreaming output:       45760
# FIRFilterStreaming input:         390
# FIRFilterStreaming output:       45880
# FIRFilterStreaming input:         391
# FIRFilterStreaming output:       46000
# FIRFilterStreaming input:         392
# FIRFilterStreaming output:       46120
# FIRFilterStreaming input:         393
# FIRFilterStreaming output:       46240
# FIRFilterStreaming input:         394
# FIRFilterStreaming output:       46360
# FIRFilterStreaming input:         395
# FIRFilterStreaming output:       46480
# FIRFilterStreaming input:         396
# FIRFilterStreaming output:       46600
# FIRFilterStreaming input:         397
# FIRFilterStreaming output:       46720
# FIRFilterStreaming input:         398
# FIRFilterStreaming output:       46840
# FIRFilterStreaming input:         399
# FIRFilterStreaming output:       46960
# FIRFilterStreaming input:         400
# FIRFilterStreaming output:       47080
# FIRFilterStreaming input:         401
# FIRFilterStreaming output:       47200
# FIRFilterStreaming input:         402
# FIRFilterStreaming output:       47320
# FIRFilterStreaming input:         403
# FIRFilterStreaming output:       47440
# FIRFilterStreaming input:         404
# FIRFilterStreaming output:       47560
# FIRFilterStreaming input:         405
# FIRFilterStreaming output:       47680
# FIRFilterStreaming input:         406
# FIRFilterStreaming output:       47800
# FIRFilterStreaming input:         407
# FIRFilterStreaming output:       47920
# FIRFilterStreaming input:         408
# FIRFilterStreaming output:       48040
# FIRFilterStreaming input:         409
# FIRFilterStreaming output:       48160
# FIRFilterStreaming input:         410
# FIRFilterStreaming output:       48280
# FIRFilterStreaming input:         411
# FIRFilterStreaming output:       48400
# FIRFilterStreaming input:         412
# FIRFilterStreaming output:       48520
# FIRFilterStreaming input:         413
# FIRFilterStreaming output:       48640
# FIRFilterStreaming input:         414
# FIRFilterStreaming output:       48760
# FIRFilterStreaming input:         415
# FIRFilterStreaming output:       48880
# FIRFilterStreaming input:         416
# FIRFilterStreaming output:       49000
# FIRFilterStreaming input:         417
# FIRFilterStreaming output:       49120
# FIRFilterStreaming input:         418
# FIRFilterStreaming output:       49240
# FIRFilterStreaming input:         419
# FIRFilterStreaming output:       49360
# FIRFilterStreaming input:         420
# FIRFilterStreaming output:       49480
# FIRFilterStreaming input:         421
# FIRFilterStreaming output:       49600
# FIRFilterStreaming input:         422
# FIRFilterStreaming output:       49720
# FIRFilterStreaming input:         423
# FIRFilterStreaming output:       49840
# FIRFilterStreaming input:         424
# FIRFilterStreaming output:       49960
# FIRFilterStreaming input:         425
# FIRFilterStreaming output:       50080
# FIRFilterStreaming input:         426
# FIRFilterStreaming output:       50200
# FIRFilterStreaming input:         427
# FIRFilterStreaming output:       50320
# FIRFilterStreaming input:         428
# FIRFilterStreaming output:       50440
# FIRFilterStreaming input:         429
# FIRFilterStreaming output:       50560
# FIRFilterStreaming input:         430
# FIRFilterStreaming output:       50680
# FIRFilterStreaming input:         431
# FIRFilterStreaming output:       50800
# FIRFilterStreaming input:         432
# FIRFilterStreaming output:       50920
# FIRFilterStreaming input:         433
# FIRFilterStreaming output:       51040
# FIRFilterStreaming input:         434
# FIRFilterStreaming output:       51160
# FIRFilterStreaming input:         435
# FIRFilterStreaming output:       51280
# FIRFilterStreaming input:         436
# FIRFilterStreaming output:       51400
# FIRFilterStreaming input:         437
# FIRFilterStreaming output:       51520
# FIRFilterStreaming input:         438
# FIRFilterStreaming output:       51640
# FIRFilterStreaming input:         439
# FIRFilterStreaming output:       51760
# FIRFilterStreaming input:         440
# FIRFilterStreaming output:       51880
# FIRFilterStreaming input:         441
# FIRFilterStreaming output:       52000
# FIRFilterStreaming input:         442
# FIRFilterStreaming output:       52120
# FIRFilterStreaming input:         443
# FIRFilterStreaming output:       52240
# FIRFilterStreaming input:         444
# FIRFilterStreaming output:       52360
# FIRFilterStreaming input:         445
# FIRFilterStreaming output:       52480
# FIRFilterStreaming input:         446
# FIRFilterStreaming output:       52600
# FIRFilterStreaming input:         447
# FIRFilterStreaming output:       52720
# FIRFilterStreaming input:         448
# FIRFilterStreaming output:       52840
# FIRFilterStreaming input:         449
# FIRFilterStreaming output:       52960
# FIRFilterStreaming input:         450
# FIRFilterStreaming output:       53080
# FIRFilterStreaming input:         451
# FIRFilterStreaming output:       53200
# FIRFilterStreaming input:         452
# FIRFilterStreaming output:       53320
# FIRFilterStreaming input:         453
# FIRFilterStreaming output:       53440
# FIRFilterStreaming input:         454
# FIRFilterStreaming output:       53560
# FIRFilterStreaming input:         455
# FIRFilterStreaming output:       53680
# FIRFilterStreaming input:         456
# FIRFilterStreaming output:       53800
# FIRFilterStreaming input:         457
# FIRFilterStreaming output:       53920
# FIRFilterStreaming input:         458
# FIRFilterStreaming output:       54040
# FIRFilterStreaming input:         459
# FIRFilterStreaming output:       54160
# FIRFilterStreaming input:         460
# FIRFilterStreaming output:       54280
# FIRFilterStreaming input:         461
# FIRFilterStreaming output:       54400
# FIRFilterStreaming input:         462
# FIRFilterStreaming output:       54520
# FIRFilterStreaming input:         463
# FIRFilterStreaming output:       54640
# FIRFilterStreaming input:         464
# FIRFilterStreaming output:       54760
# FIRFilterStreaming input:         465
# FIRFilterStreaming output:       54880
# FIRFilterStreaming input:         466
# FIRFilterStreaming output:       55000
# FIRFilterStreaming input:         467
# FIRFilterStreaming output:       55120
# FIRFilterStreaming input:         468
# FIRFilterStreaming output:       55240
# FIRFilterStreaming input:         469
# FIRFilterStreaming output:       55360
# FIRFilterStreaming input:         470
# FIRFilterStreaming output:       55480
# FIRFilterStreaming input:         471
# FIRFilterStreaming output:       55600
# FIRFilterStreaming input:         472
# FIRFilterStreaming output:       55720
# FIRFilterStreaming input:         473
# FIRFilterStreaming output:       55840
# FIRFilterStreaming input:         474
# FIRFilterStreaming output:       55960
# FIRFilterStreaming input:         475
# FIRFilterStreaming output:       56080
# FIRFilterStreaming input:         476
# FIRFilterStreaming output:       56200
# FIRFilterStreaming input:         477
# FIRFilterStreaming output:       56320
# FIRFilterStreaming input:         478
# FIRFilterStreaming output:       56440
# FIRFilterStreaming input:         479
# FIRFilterStreaming output:       56560
# FIRFilterStreaming input:         480
# FIRFilterStreaming output:       56680
# FIRFilterStreaming input:         481
# FIRFilterStreaming output:       56800
# FIRFilterStreaming input:         482
# FIRFilterStreaming output:       56920
# FIRFilterStreaming input:         483
# FIRFilterStreaming output:       57040
# FIRFilterStreaming input:         484
# FIRFilterStreaming output:       57160
# FIRFilterStreaming input:         485
# FIRFilterStreaming output:       57280
# FIRFilterStreaming input:         486
# FIRFilterStreaming output:       57400
# FIRFilterStreaming input:         487
# FIRFilterStreaming output:       57520
# FIRFilterStreaming input:         488
# FIRFilterStreaming output:       57640
# FIRFilterStreaming input:         489
# FIRFilterStreaming output:       57760
# FIRFilterStreaming input:         490
# FIRFilterStreaming output:       57880
# FIRFilterStreaming input:         491
# FIRFilterStreaming output:       58000
# FIRFilterStreaming input:         492
# FIRFilterStreaming output:       58120
# FIRFilterStreaming input:         493
# FIRFilterStreaming output:       58240
# FIRFilterStreaming input:         494
# FIRFilterStreaming output:       58360
# FIRFilterStreaming input:         495
# FIRFilterStreaming output:       58480
# FIRFilterStreaming input:         496
# FIRFilterStreaming output:       58600
# FIRFilterStreaming input:         497
# FIRFilterStreaming output:       58720
# FIRFilterStreaming input:         498
# FIRFilterStreaming output:       58840
# FIRFilterStreaming input:         499
# FIRFilterStreaming output:       58960
# FIRFilterStreaming input:         500
# FIRFilterStreaming output:       59080
# FIRFilterStreaming input:         501
# FIRFilterStreaming output:       59200
# FIRFilterStreaming input:         502
# FIRFilterStreaming output:       59320
# FIRFilterStreaming input:         503
# FIRFilterStreaming output:       59440
# FIRFilterStreaming input:         504
# FIRFilterStreaming output:       59560
# FIRFilterStreaming input:         505
# FIRFilterStreaming output:       59680
# FIRFilterStreaming input:         506
# FIRFilterStreaming output:       59800
# FIRFilterStreaming input:         507
# FIRFilterStreaming output:       59920
# FIRFilterStreaming input:         508
# FIRFilterStreaming output:       60040
# FIRFilterStreaming input:         509
# FIRFilterStreaming output:       60160
# FIRFilterStreaming input:         510
# FIRFilterStreaming output:       60280
# FIRFilterStreaming input:         511
# FIRFilterStreaming output:       60400
# FIRFilterStreaming input:         512
# FIRFilterStreaming output:       60520
# FIRFilterStreaming input:         513
# FIRFilterStreaming output:       60640
# FIRFilterStreaming input:         514
# FIRFilterStreaming output:       60760
# FIRFilterStreaming input:         515
# FIRFilterStreaming output:       60880
# FIRFilterStreaming input:         516
# FIRFilterStreaming output:       61000
# FIRFilterStreaming input:         517
# FIRFilterStreaming output:       61120
# FIRFilterStreaming input:         518
# FIRFilterStreaming output:       61240
# FIRFilterStreaming input:         519
# FIRFilterStreaming output:       61360
# FIRFilterStreaming input:         520
# FIRFilterStreaming output:       61480
# FIRFilterStreaming input:         521
# FIRFilterStreaming output:       61600
# FIRFilterStreaming input:         522
# FIRFilterStreaming output:       61720
# FIRFilterStreaming input:         523
# FIRFilterStreaming output:       61840
# FIRFilterStreaming input:         524
# FIRFilterStreaming output:       61960
# FIRFilterStreaming input:         525
# FIRFilterStreaming output:       62080
# FIRFilterStreaming input:         526
# FIRFilterStreaming output:       62200
# FIRFilterStreaming input:         527
# FIRFilterStreaming output:       62320
# FIRFilterStreaming input:         528
# FIRFilterStreaming output:       62440
# FIRFilterStreaming input:         529
# FIRFilterStreaming output:       62560
# FIRFilterStreaming input:         530
# FIRFilterStreaming output:       62680
# FIRFilterStreaming input:         531
# FIRFilterStreaming output:       62800
# FIRFilterStreaming input:         532
# FIRFilterStreaming output:       62920
# FIRFilterStreaming input:         533
# FIRFilterStreaming output:       63040
# FIRFilterStreaming input:         534
# FIRFilterStreaming output:       63160
# FIRFilterStreaming input:         535
# FIRFilterStreaming output:       63280
# FIRFilterStreaming input:         536
# FIRFilterStreaming output:       63400
# FIRFilterStreaming input:         537
# FIRFilterStreaming output:       63520
# FIRFilterStreaming input:         538
# FIRFilterStreaming output:       63640
# FIRFilterStreaming input:         539
# FIRFilterStreaming output:       63760
# FIRFilterStreaming input:         540
# FIRFilterStreaming output:       63880
# FIRFilterStreaming input:         541
# FIRFilterStreaming output:       64000
# FIRFilterStreaming input:         542
# FIRFilterStreaming output:       64120
# FIRFilterStreaming input:         543
# FIRFilterStreaming output:       64240
# FIRFilterStreaming input:         544
# FIRFilterStreaming output:       64360
# FIRFilterStreaming input:         545
# FIRFilterStreaming output:       64480
# FIRFilterStreaming input:         546
# FIRFilterStreaming output:       64600
# FIRFilterStreaming input:         547
# FIRFilterStreaming output:       64720
# FIRFilterStreaming input:         548
# FIRFilterStreaming output:       64840
# FIRFilterStreaming input:         549
# FIRFilterStreaming output:       64960
# FIRFilterStreaming input:         550
# FIRFilterStreaming output:       65080
# FIRFilterStreaming input:         551
# FIRFilterStreaming output:       65200
# FIRFilterStreaming input:         552
# FIRFilterStreaming output:       65320
# FIRFilterStreaming input:         553
# FIRFilterStreaming output:       65440
# FIRFilterStreaming input:         554
# FIRFilterStreaming output:       65560
# FIRFilterStreaming input:         555
# FIRFilterStreaming output:       65680
# FIRFilterStreaming input:         556
# FIRFilterStreaming output:       65800
# FIRFilterStreaming input:         557
# FIRFilterStreaming output:       65920
# FIRFilterStreaming input:         558
# FIRFilterStreaming output:       66040
# FIRFilterStreaming input:         559
# FIRFilterStreaming output:       66160
# FIRFilterStreaming input:         560
# FIRFilterStreaming output:       66280
# FIRFilterStreaming input:         561
# FIRFilterStreaming output:       66400
# FIRFilterStreaming input:         562
# FIRFilterStreaming output:       66520
# FIRFilterStreaming input:         563
# FIRFilterStreaming output:       66640
# FIRFilterStreaming input:         564
# FIRFilterStreaming output:       66760
# FIRFilterStreaming input:         565
# FIRFilterStreaming output:       66880
# FIRFilterStreaming input:         566
# FIRFilterStreaming output:       67000
# FIRFilterStreaming input:         567
# FIRFilterStreaming output:       67120
# FIRFilterStreaming input:         568
# FIRFilterStreaming output:       67240
# FIRFilterStreaming input:         569
# FIRFilterStreaming output:       67360
# FIRFilterStreaming input:         570
# FIRFilterStreaming output:       67480
# FIRFilterStreaming input:         571
# FIRFilterStreaming output:       67600
# FIRFilterStreaming input:         572
# FIRFilterStreaming output:       67720
# FIRFilterStreaming input:         573
# FIRFilterStreaming output:       67840
# FIRFilterStreaming input:         574
# FIRFilterStreaming output:       67960
# FIRFilterStreaming input:         575
# FIRFilterStreaming output:       68080
# FIRFilterStreaming input:         576
# FIRFilterStreaming output:       68200
# FIRFilterStreaming input:         577
# FIRFilterStreaming output:       68320
# FIRFilterStreaming input:         578
# FIRFilterStreaming output:       68440
# FIRFilterStreaming input:         579
# FIRFilterStreaming output:       68560
# FIRFilterStreaming input:         580
# FIRFilterStreaming output:       68680
# FIRFilterStreaming input:         581
# FIRFilterStreaming output:       68800
# FIRFilterStreaming input:         582
# FIRFilterStreaming output:       68920
# FIRFilterStreaming input:         583
# FIRFilterStreaming output:       69040
# FIRFilterStreaming input:         584
# FIRFilterStreaming output:       69160
# FIRFilterStreaming input:         585
# FIRFilterStreaming output:       69280
# FIRFilterStreaming input:         586
# FIRFilterStreaming output:       69400
# FIRFilterStreaming input:         587
# FIRFilterStreaming output:       69520
# FIRFilterStreaming input:         588
# FIRFilterStreaming output:       69640
# FIRFilterStreaming input:         589
# FIRFilterStreaming output:       69760
# FIRFilterStreaming input:         590
# FIRFilterStreaming output:       69880
# FIRFilterStreaming input:         591
# FIRFilterStreaming output:       70000
# FIRFilterStreaming input:         592
# FIRFilterStreaming output:       70120
# FIRFilterStreaming input:         593
# FIRFilterStreaming output:       70240
# FIRFilterStreaming input:         594
# FIRFilterStreaming output:       70360
# FIRFilterStreaming input:         595
# FIRFilterStreaming output:       70480
# FIRFilterStreaming input:         596
# FIRFilterStreaming output:       70600
# FIRFilterStreaming input:         597
# FIRFilterStreaming output:       70720
# FIRFilterStreaming input:         598
# FIRFilterStreaming output:       70840
# FIRFilterStreaming input:         599
# FIRFilterStreaming output:       70960
# FIRFilterStreaming input:         600
# FIRFilterStreaming output:       71080
# FIRFilterStreaming input:         601
# FIRFilterStreaming output:       71200
# FIRFilterStreaming input:         602
# FIRFilterStreaming output:       71320
# FIRFilterStreaming input:         603
# FIRFilterStreaming output:       71440
# FIRFilterStreaming input:         604
# FIRFilterStreaming output:       71560
# FIRFilterStreaming input:         605
# FIRFilterStreaming output:       71680
# FIRFilterStreaming input:         606
# FIRFilterStreaming output:       71800
# FIRFilterStreaming input:         607
# FIRFilterStreaming output:       71920
# FIRFilterStreaming input:         608
# FIRFilterStreaming output:       72040
# FIRFilterStreaming input:         609
# FIRFilterStreaming output:       72160
# FIRFilterStreaming input:         610
# FIRFilterStreaming output:       72280
# FIRFilterStreaming input:         611
# FIRFilterStreaming output:       72400
# FIRFilterStreaming input:         612
# FIRFilterStreaming output:       72520
# FIRFilterStreaming input:         613
# FIRFilterStreaming output:       72640
# FIRFilterStreaming input:         614
# FIRFilterStreaming output:       72760
# FIRFilterStreaming input:         615
# FIRFilterStreaming output:       72880
# FIRFilterStreaming input:         616
# FIRFilterStreaming output:       73000
# FIRFilterStreaming input:         617
# FIRFilterStreaming output:       73120
# FIRFilterStreaming input:         618
# FIRFilterStreaming output:       73240
# FIRFilterStreaming input:         619
# FIRFilterStreaming output:       73360
# FIRFilterStreaming input:         620
# FIRFilterStreaming output:       73480
# FIRFilterStreaming input:         621
# FIRFilterStreaming output:       73600
# FIRFilterStreaming input:         622
# FIRFilterStreaming output:       73720
# FIRFilterStreaming input:         623
# FIRFilterStreaming output:       73840
# FIRFilterStreaming input:         624
# FIRFilterStreaming output:       73960
# FIRFilterStreaming input:         625
# FIRFilterStreaming output:       74080
# FIRFilterStreaming input:         626
# FIRFilterStreaming output:       74200
# FIRFilterStreaming input:         627
# FIRFilterStreaming output:       74320
# FIRFilterStreaming input:         628
# FIRFilterStreaming output:       74440
# FIRFilterStreaming input:         629
# FIRFilterStreaming output:       74560
# FIRFilterStreaming input:         630
# FIRFilterStreaming output:       74680
# FIRFilterStreaming input:         631
# FIRFilterStreaming output:       74800
# FIRFilterStreaming input:         632
# FIRFilterStreaming output:       74920
# FIRFilterStreaming input:         633
# FIRFilterStreaming output:       75040
# FIRFilterStreaming input:         634
# FIRFilterStreaming output:       75160
# FIRFilterStreaming input:         635
# FIRFilterStreaming output:       75280
# FIRFilterStreaming input:         636
# FIRFilterStreaming output:       75400
# FIRFilterStreaming input:         637
# FIRFilterStreaming output:       75520
# FIRFilterStreaming input:         638
# FIRFilterStreaming output:       75640
# FIRFilterStreaming input:         639
# FIRFilterStreaming output:       75760
# FIRFilterStreaming input:         640
# FIRFilterStreaming output:       75880
# FIRFilterStreaming input:         641
# FIRFilterStreaming output:       76000
# FIRFilterStreaming input:         642
# FIRFilterStreaming output:       76120
# FIRFilterStreaming input:         643
# FIRFilterStreaming output:       76240
# FIRFilterStreaming input:         644
# FIRFilterStreaming output:       76360
# FIRFilterStreaming input:         645
# FIRFilterStreaming output:       76480
# FIRFilterStreaming input:         646
# FIRFilterStreaming output:       76600
# FIRFilterStreaming input:         647
# FIRFilterStreaming output:       76720
# FIRFilterStreaming input:         648
# FIRFilterStreaming output:       76840
# FIRFilterStreaming input:         649
# FIRFilterStreaming output:       76960
# FIRFilterStreaming input:         650
# FIRFilterStreaming output:       77080
# FIRFilterStreaming input:         651
# FIRFilterStreaming output:       77200
# FIRFilterStreaming input:         652
# FIRFilterStreaming output:       77320
# FIRFilterStreaming input:         653
# FIRFilterStreaming output:       77440
# FIRFilterStreaming input:         654
# FIRFilterStreaming output:       77560
# FIRFilterStreaming input:         655
# FIRFilterStreaming output:       77680
# FIRFilterStreaming input:         656
# FIRFilterStreaming output:       77800
# FIRFilterStreaming input:         657
# FIRFilterStreaming output:       77920
# FIRFilterStreaming input:         658
# FIRFilterStreaming output:       78040
# FIRFilterStreaming input:         659
# FIRFilterStreaming output:       78160
# FIRFilterStreaming input:         660
# FIRFilterStreaming output:       78280
# FIRFilterStreaming input:         661
# FIRFilterStreaming output:       78400
# FIRFilterStreaming input:         662
# FIRFilterStreaming output:       78520
# FIRFilterStreaming input:         663
# FIRFilterStreaming output:       78640
# FIRFilterStreaming input:         664
# FIRFilterStreaming output:       78760
# FIRFilterStreaming input:         665
# FIRFilterStreaming output:       78880
# FIRFilterStreaming input:         666
# FIRFilterStreaming output:       79000
# FIRFilterStreaming input:         667
# FIRFilterStreaming output:       79120
# FIRFilterStreaming input:         668
# FIRFilterStreaming output:       79240
# FIRFilterStreaming input:         669
# FIRFilterStreaming output:       79360
# FIRFilterStreaming input:         670
# FIRFilterStreaming output:       79480
# FIRFilterStreaming input:         671
# FIRFilterStreaming output:       79600
# FIRFilterStreaming input:         672
# FIRFilterStreaming output:       79720
# FIRFilterStreaming input:         673
# FIRFilterStreaming output:       79840
# FIRFilterStreaming input:         674
# FIRFilterStreaming output:       79960
# FIRFilterStreaming input:         675
# FIRFilterStreaming output:       80080
# FIRFilterStreaming input:         676
# FIRFilterStreaming output:       80200
# FIRFilterStreaming input:         677
# FIRFilterStreaming output:       80320
# FIRFilterStreaming input:         678
# FIRFilterStreaming output:       80440
# FIRFilterStreaming input:         679
# FIRFilterStreaming output:       80560
# FIRFilterStreaming input:         680
# FIRFilterStreaming output:       80680
# FIRFilterStreaming input:         681
# FIRFilterStreaming output:       80800
# FIRFilterStreaming input:         682
# FIRFilterStreaming output:       80920
# FIRFilterStreaming input:         683
# FIRFilterStreaming output:       81040
# FIRFilterStreaming input:         684
# FIRFilterStreaming output:       81160
# FIRFilterStreaming input:         685
# FIRFilterStreaming output:       81280
# FIRFilterStreaming input:         686
# FIRFilterStreaming output:       81400
# FIRFilterStreaming input:         687
# FIRFilterStreaming output:       81520
# FIRFilterStreaming input:         688
# FIRFilterStreaming output:       81640
# FIRFilterStreaming input:         689
# FIRFilterStreaming output:       81760
# FIRFilterStreaming input:         690
# FIRFilterStreaming output:       81880
# FIRFilterStreaming input:         691
# FIRFilterStreaming output:       82000
# FIRFilterStreaming input:         692
# FIRFilterStreaming output:       82120
# FIRFilterStreaming input:         693
# FIRFilterStreaming output:       82240
# FIRFilterStreaming input:         694
# FIRFilterStreaming output:       82360
# FIRFilterStreaming input:         695
# FIRFilterStreaming output:       82480
# FIRFilterStreaming input:         696
# FIRFilterStreaming output:       82600
# FIRFilterStreaming input:         697
# FIRFilterStreaming output:       82720
# FIRFilterStreaming input:         698
# FIRFilterStreaming output:       82840
# FIRFilterStreaming input:         699
# FIRFilterStreaming output:       82960
# FIRFilterStreaming input:         700
# FIRFilterStreaming output:       83080
# FIRFilterStreaming input:         701
# FIRFilterStreaming output:       83200
# FIRFilterStreaming input:         702
# FIRFilterStreaming output:       83320
# FIRFilterStreaming input:         703
# FIRFilterStreaming output:       83440
# FIRFilterStreaming input:         704
# FIRFilterStreaming output:       83560
# FIRFilterStreaming input:         705
# FIRFilterStreaming output:       83680
# FIRFilterStreaming input:         706
# FIRFilterStreaming output:       83800
# FIRFilterStreaming input:         707
# FIRFilterStreaming output:       83920
# FIRFilterStreaming input:         708
# FIRFilterStreaming output:       84040
# FIRFilterStreaming input:         709
# FIRFilterStreaming output:       84160
# FIRFilterStreaming input:         710
# FIRFilterStreaming output:       84280
# FIRFilterStreaming input:         711
# FIRFilterStreaming output:       84400
# FIRFilterStreaming input:         712
# FIRFilterStreaming output:       84520
# FIRFilterStreaming input:         713
# FIRFilterStreaming output:       84640
# FIRFilterStreaming input:         714
# FIRFilterStreaming output:       84760
# FIRFilterStreaming input:         715
# FIRFilterStreaming output:       84880
# FIRFilterStreaming input:         716
# FIRFilterStreaming output:       85000
# FIRFilterStreaming input:         717
# FIRFilterStreaming output:       85120
# FIRFilterStreaming input:         718
# FIRFilterStreaming output:       85240
# FIRFilterStreaming input:         719
# FIRFilterStreaming output:       85360
# FIRFilterStreaming input:         720
# FIRFilterStreaming output:       85480
# FIRFilterStreaming input:         721
# FIRFilterStreaming output:       85600
# FIRFilterStreaming input:         722
# FIRFilterStreaming output:       85720
# FIRFilterStreaming input:         723
# FIRFilterStreaming output:       85840
# FIRFilterStreaming input:         724
# FIRFilterStreaming output:       85960
# FIRFilterStreaming input:         725
# FIRFilterStreaming output:       86080
# FIRFilterStreaming input:         726
# FIRFilterStreaming output:       86200
# FIRFilterStreaming input:         727
# FIRFilterStreaming output:       86320
# FIRFilterStreaming input:         728
# FIRFilterStreaming output:       86440
# FIRFilterStreaming input:         729
# FIRFilterStreaming output:       86560
# FIRFilterStreaming input:         730
# FIRFilterStreaming output:       86680
# FIRFilterStreaming input:         731
# FIRFilterStreaming output:       86800
# FIRFilterStreaming input:         732
# FIRFilterStreaming output:       86920
# FIRFilterStreaming input:         733
# FIRFilterStreaming output:       87040
# FIRFilterStreaming input:         734
# FIRFilterStreaming output:       87160
# FIRFilterStreaming input:         735
# FIRFilterStreaming output:       87280
# FIRFilterStreaming input:         736
# FIRFilterStreaming output:       87400
# FIRFilterStreaming input:         737
# FIRFilterStreaming output:       87520
# FIRFilterStreaming input:         738
# FIRFilterStreaming output:       87640
# FIRFilterStreaming input:         739
# FIRFilterStreaming output:       87760
# FIRFilterStreaming input:         740
# FIRFilterStreaming output:       87880
# FIRFilterStreaming input:         741
# FIRFilterStreaming output:       88000
# FIRFilterStreaming input:         742
# FIRFilterStreaming output:       88120
# FIRFilterStreaming input:         743
# FIRFilterStreaming output:       88240
# FIRFilterStreaming input:         744
# FIRFilterStreaming output:       88360
# FIRFilterStreaming input:         745
# FIRFilterStreaming output:       88480
# FIRFilterStreaming input:         746
# FIRFilterStreaming output:       88600
# FIRFilterStreaming input:         747
# FIRFilterStreaming output:       88720
# FIRFilterStreaming input:         748
# FIRFilterStreaming output:       88840
# FIRFilterStreaming input:         749
# FIRFilterStreaming output:       88960
# FIRFilterStreaming input:         750
# FIRFilterStreaming output:       89080
# FIRFilterStreaming input:         751
# FIRFilterStreaming output:       89200
# FIRFilterStreaming input:         752
# FIRFilterStreaming output:       89320
# FIRFilterStreaming input:         753
# FIRFilterStreaming output:       89440
# FIRFilterStreaming input:         754
# FIRFilterStreaming output:       89560
# FIRFilterStreaming input:         755
# FIRFilterStreaming output:       89680
# FIRFilterStreaming input:         756
# FIRFilterStreaming output:       89800
# FIRFilterStreaming input:         757
# FIRFilterStreaming output:       89920
# FIRFilterStreaming input:         758
# FIRFilterStreaming output:       90040
# FIRFilterStreaming input:         759
# FIRFilterStreaming output:       90160
# FIRFilterStreaming input:         760
# FIRFilterStreaming output:       90280
# FIRFilterStreaming input:         761
# FIRFilterStreaming output:       90400
# FIRFilterStreaming input:         762
# FIRFilterStreaming output:       90520
# FIRFilterStreaming input:         763
# FIRFilterStreaming output:       90640
# FIRFilterStreaming input:         764
# FIRFilterStreaming output:       90760
# FIRFilterStreaming input:         765
# FIRFilterStreaming output:       90880
# FIRFilterStreaming input:         766
# FIRFilterStreaming output:       91000
# FIRFilterStreaming input:         767
# FIRFilterStreaming output:       91120
# FIRFilterStreaming input:         768
# FIRFilterStreaming output:       91240
# FIRFilterStreaming input:         769
# FIRFilterStreaming output:       91360
# FIRFilterStreaming input:         770
# FIRFilterStreaming output:       91480
# FIRFilterStreaming input:         771
# FIRFilterStreaming output:       91600
# FIRFilterStreaming input:         772
# FIRFilterStreaming output:       91720
# FIRFilterStreaming input:         773
# FIRFilterStreaming output:       91840
# FIRFilterStreaming input:         774
# FIRFilterStreaming output:       91960
# FIRFilterStreaming input:         775
# FIRFilterStreaming output:       92080
# FIRFilterStreaming input:         776
# FIRFilterStreaming output:       92200
# FIRFilterStreaming input:         777
# FIRFilterStreaming output:       92320
# FIRFilterStreaming input:         778
# FIRFilterStreaming output:       92440
# FIRFilterStreaming input:         779
# FIRFilterStreaming output:       92560
# FIRFilterStreaming input:         780
# FIRFilterStreaming output:       92680
# FIRFilterStreaming input:         781
# FIRFilterStreaming output:       92800
# FIRFilterStreaming input:         782
# FIRFilterStreaming output:       92920
# FIRFilterStreaming input:         783
# FIRFilterStreaming output:       93040
# FIRFilterStreaming input:         784
# FIRFilterStreaming output:       93160
# FIRFilterStreaming input:         785
# FIRFilterStreaming output:       93280
# FIRFilterStreaming input:         786
# FIRFilterStreaming output:       93400
# FIRFilterStreaming input:         787
# FIRFilterStreaming output:       93520
# FIRFilterStreaming input:         788
# FIRFilterStreaming output:       93640
# FIRFilterStreaming input:         789
# FIRFilterStreaming output:       93760
# FIRFilterStreaming input:         790
# FIRFilterStreaming output:       93880
# FIRFilterStreaming input:         791
# FIRFilterStreaming output:       94000
# FIRFilterStreaming input:         792
# FIRFilterStreaming output:       94120
# FIRFilterStreaming input:         793
# FIRFilterStreaming output:       94240
# FIRFilterStreaming input:         794
# FIRFilterStreaming output:       94360
# FIRFilterStreaming input:         795
# FIRFilterStreaming output:       94480
# FIRFilterStreaming input:         796
# FIRFilterStreaming output:       94600
# FIRFilterStreaming input:         797
# FIRFilterStreaming output:       94720
# FIRFilterStreaming input:         798
# FIRFilterStreaming output:       94840
# FIRFilterStreaming input:         799
# FIRFilterStreaming output:       94960
# FIRFilterStreaming input:         800
# FIRFilterStreaming output:       95080
# FIRFilterStreaming input:         801
# FIRFilterStreaming output:       95200
# FIRFilterStreaming input:         802
# FIRFilterStreaming output:       95320
# FIRFilterStreaming input:         803
# FIRFilterStreaming output:       95440
# FIRFilterStreaming input:         804
# FIRFilterStreaming output:       95560
# FIRFilterStreaming input:         805
# FIRFilterStreaming output:       95680
# FIRFilterStreaming input:         806
# FIRFilterStreaming output:       95800
# FIRFilterStreaming input:         807
# FIRFilterStreaming output:       95920
# FIRFilterStreaming input:         808
# FIRFilterStreaming output:       96040
# FIRFilterStreaming input:         809
# FIRFilterStreaming output:       96160
# FIRFilterStreaming input:         810
# FIRFilterStreaming output:       96280
# FIRFilterStreaming input:         811
# FIRFilterStreaming output:       96400
# FIRFilterStreaming input:         812
# FIRFilterStreaming output:       96520
# FIRFilterStreaming input:         813
# FIRFilterStreaming output:       96640
# FIRFilterStreaming input:         814
# FIRFilterStreaming output:       96760
# FIRFilterStreaming input:         815
# FIRFilterStreaming output:       96880
# FIRFilterStreaming input:         816
# FIRFilterStreaming output:       97000
# FIRFilterStreaming input:         817
# FIRFilterStreaming output:       97120
# FIRFilterStreaming input:         818
# FIRFilterStreaming output:       97240
# FIRFilterStreaming input:         819
# FIRFilterStreaming output:       97360
# FIRFilterStreaming input:         820
# FIRFilterStreaming output:       97480
# FIRFilterStreaming input:         821
# FIRFilterStreaming output:       97600
# FIRFilterStreaming input:         822
# FIRFilterStreaming output:       97720
# FIRFilterStreaming input:         823
# FIRFilterStreaming output:       97840
# FIRFilterStreaming input:         824
# FIRFilterStreaming output:       97960
# FIRFilterStreaming input:         825
# FIRFilterStreaming output:       98080
# FIRFilterStreaming input:         826
# FIRFilterStreaming output:       98200
# FIRFilterStreaming input:         827
# FIRFilterStreaming output:       98320
# FIRFilterStreaming input:         828
# FIRFilterStreaming output:       98440
# FIRFilterStreaming input:         829
# FIRFilterStreaming output:       98560
# FIRFilterStreaming input:         830
# FIRFilterStreaming output:       98680
# FIRFilterStreaming input:         831
# FIRFilterStreaming output:       98800
# FIRFilterStreaming input:         832
# FIRFilterStreaming output:       98920
# FIRFilterStreaming input:         833
# FIRFilterStreaming output:       99040
# FIRFilterStreaming input:         834
# FIRFilterStreaming output:       99160
# FIRFilterStreaming input:         835
# FIRFilterStreaming output:       99280
# FIRFilterStreaming input:         836
# FIRFilterStreaming output:       99400
# FIRFilterStreaming input:         837
# FIRFilterStreaming output:       99520
# FIRFilterStreaming input:         838
# FIRFilterStreaming output:       99640
# FIRFilterStreaming input:         839
# FIRFilterStreaming output:       99760
# FIRFilterStreaming input:         840
# FIRFilterStreaming output:       99880
# FIRFilterStreaming input:         841
# FIRFilterStreaming output:      100000
# FIRFilterStreaming input:         842
# FIRFilterStreaming output:      100120
# FIRFilterStreaming input:         843
# FIRFilterStreaming output:      100240
# FIRFilterStreaming input:         844
# FIRFilterStreaming output:      100360
# FIRFilterStreaming input:         845
# FIRFilterStreaming output:      100480
# FIRFilterStreaming input:         846
# FIRFilterStreaming output:      100600
# FIRFilterStreaming input:         847
# FIRFilterStreaming output:      100720
# FIRFilterStreaming input:         848
# FIRFilterStreaming output:      100840
# FIRFilterStreaming input:         849
# FIRFilterStreaming output:      100960
# FIRFilterStreaming input:         850
# FIRFilterStreaming output:      101080
# FIRFilterStreaming input:         851
# FIRFilterStreaming output:      101200
# FIRFilterStreaming input:         852
# FIRFilterStreaming output:      101320
# FIRFilterStreaming input:         853
# FIRFilterStreaming output:      101440
# FIRFilterStreaming input:         854
# FIRFilterStreaming output:      101560
# FIRFilterStreaming input:         855
# FIRFilterStreaming output:      101680
# FIRFilterStreaming input:         856
# FIRFilterStreaming output:      101800
# FIRFilterStreaming input:         857
# FIRFilterStreaming output:      101920
# FIRFilterStreaming input:         858
# FIRFilterStreaming output:      102040
# FIRFilterStreaming input:         859
# FIRFilterStreaming output:      102160
# FIRFilterStreaming input:         860
# FIRFilterStreaming output:      102280
# FIRFilterStreaming input:         861
# FIRFilterStreaming output:      102400
# FIRFilterStreaming input:         862
# FIRFilterStreaming output:      102520
# FIRFilterStreaming input:         863
# FIRFilterStreaming output:      102640
# FIRFilterStreaming input:         864
# FIRFilterStreaming output:      102760
# FIRFilterStreaming input:         865
# FIRFilterStreaming output:      102880
# FIRFilterStreaming input:         866
# FIRFilterStreaming output:      103000
# FIRFilterStreaming input:         867
# FIRFilterStreaming output:      103120
# FIRFilterStreaming input:         868
# FIRFilterStreaming output:      103240
# FIRFilterStreaming input:         869
# FIRFilterStreaming output:      103360
# FIRFilterStreaming input:         870
# FIRFilterStreaming output:      103480
# FIRFilterStreaming input:         871
# FIRFilterStreaming output:      103600
# FIRFilterStreaming input:         872
# FIRFilterStreaming output:      103720
# FIRFilterStreaming input:         873
# FIRFilterStreaming output:      103840
# FIRFilterStreaming input:         874
# FIRFilterStreaming output:      103960
# FIRFilterStreaming input:         875
# FIRFilterStreaming output:      104080
# FIRFilterStreaming input:         876
# FIRFilterStreaming output:      104200
# FIRFilterStreaming input:         877
# FIRFilterStreaming output:      104320
# FIRFilterStreaming input:         878
# FIRFilterStreaming output:      104440
# FIRFilterStreaming input:         879
# FIRFilterStreaming output:      104560
# FIRFilterStreaming input:         880
# FIRFilterStreaming output:      104680
# FIRFilterStreaming input:         881
# FIRFilterStreaming output:      104800
# FIRFilterStreaming input:         882
# FIRFilterStreaming output:      104920
# FIRFilterStreaming input:         883
# FIRFilterStreaming output:      105040
# FIRFilterStreaming input:         884
# FIRFilterStreaming output:      105160
# FIRFilterStreaming input:         885
# FIRFilterStreaming output:      105280
# FIRFilterStreaming input:         886
# FIRFilterStreaming output:      105400
# FIRFilterStreaming input:         887
# FIRFilterStreaming output:      105520
# FIRFilterStreaming input:         888
# FIRFilterStreaming output:      105640
# FIRFilterStreaming input:         889
# FIRFilterStreaming output:      105760
# FIRFilterStreaming input:         890
# FIRFilterStreaming output:      105880
# FIRFilterStreaming input:         891
# FIRFilterStreaming output:      106000
# FIRFilterStreaming input:         892
# FIRFilterStreaming output:      106120
# FIRFilterStreaming input:         893
# FIRFilterStreaming output:      106240
# FIRFilterStreaming input:         894
# FIRFilterStreaming output:      106360
# FIRFilterStreaming input:         895
# FIRFilterStreaming output:      106480
# FIRFilterStreaming input:         896
# FIRFilterStreaming output:      106600
# FIRFilterStreaming input:         897
# FIRFilterStreaming output:      106720
# FIRFilterStreaming input:         898
# FIRFilterStreaming output:      106840
# FIRFilterStreaming input:         899
# FIRFilterStreaming output:      106960
# FIRFilterStreaming input:         900
# FIRFilterStreaming output:      107080
# FIRFilterStreaming input:         901
# FIRFilterStreaming output:      107200
# FIRFilterStreaming input:         902
# FIRFilterStreaming output:      107320
# FIRFilterStreaming input:         903
# FIRFilterStreaming output:      107440
# FIRFilterStreaming input:         904
# FIRFilterStreaming output:      107560
# FIRFilterStreaming input:         905
# FIRFilterStreaming output:      107680
# FIRFilterStreaming input:         906
# FIRFilterStreaming output:      107800
# FIRFilterStreaming input:         907
# FIRFilterStreaming output:      107920
# FIRFilterStreaming input:         908
# FIRFilterStreaming output:      108040
# FIRFilterStreaming input:         909
# FIRFilterStreaming output:      108160
# FIRFilterStreaming input:         910
# FIRFilterStreaming output:      108280
# FIRFilterStreaming input:         911
# FIRFilterStreaming output:      108400
# FIRFilterStreaming input:         912
# FIRFilterStreaming output:      108520
# FIRFilterStreaming input:         913
# FIRFilterStreaming output:      108640
# FIRFilterStreaming input:         914
# FIRFilterStreaming output:      108760
# FIRFilterStreaming input:         915
# FIRFilterStreaming output:      108880
# FIRFilterStreaming input:         916
# FIRFilterStreaming output:      109000
# FIRFilterStreaming input:         917
# FIRFilterStreaming output:      109120
# FIRFilterStreaming input:         918
# FIRFilterStreaming output:      109240
# FIRFilterStreaming input:         919
# FIRFilterStreaming output:      109360
# FIRFilterStreaming input:         920
# FIRFilterStreaming output:      109480
# FIRFilterStreaming input:         921
# FIRFilterStreaming output:      109600
# FIRFilterStreaming input:         922
# FIRFilterStreaming output:      109720
# FIRFilterStreaming input:         923
# FIRFilterStreaming output:      109840
# FIRFilterStreaming input:         924
# FIRFilterStreaming output:      109960
# FIRFilterStreaming input:         925
# FIRFilterStreaming output:      110080
# FIRFilterStreaming input:         926
# FIRFilterStreaming output:      110200
# FIRFilterStreaming input:         927
# FIRFilterStreaming output:      110320
# FIRFilterStreaming input:         928
# FIRFilterStreaming output:      110440
# FIRFilterStreaming input:         929
# FIRFilterStreaming output:      110560
# FIRFilterStreaming input:         930
# FIRFilterStreaming output:      110680
# FIRFilterStreaming input:         931
# FIRFilterStreaming output:      110800
# FIRFilterStreaming input:         932
# FIRFilterStreaming output:      110920
# FIRFilterStreaming input:         933
# FIRFilterStreaming output:      111040
# FIRFilterStreaming input:         934
# FIRFilterStreaming output:      111160
# FIRFilterStreaming input:         935
# FIRFilterStreaming output:      111280
# FIRFilterStreaming input:         936
# FIRFilterStreaming output:      111400
# FIRFilterStreaming input:         937
# FIRFilterStreaming output:      111520
# FIRFilterStreaming input:         938
# FIRFilterStreaming output:      111640
# FIRFilterStreaming input:         939
# FIRFilterStreaming output:      111760
# FIRFilterStreaming input:         940
# FIRFilterStreaming output:      111880
# FIRFilterStreaming input:         941
# FIRFilterStreaming output:      112000
# FIRFilterStreaming input:         942
# FIRFilterStreaming output:      112120
# FIRFilterStreaming input:         943
# FIRFilterStreaming output:      112240
# FIRFilterStreaming input:         944
# FIRFilterStreaming output:      112360
# FIRFilterStreaming input:         945
# FIRFilterStreaming output:      112480
# FIRFilterStreaming input:         946
# FIRFilterStreaming output:      112600
# FIRFilterStreaming input:         947
# FIRFilterStreaming output:      112720
# FIRFilterStreaming input:         948
# FIRFilterStreaming output:      112840
# FIRFilterStreaming input:         949
# FIRFilterStreaming output:      112960
# FIRFilterStreaming input:         950
# FIRFilterStreaming output:      113080
# FIRFilterStreaming input:         951
# FIRFilterStreaming output:      113200
# FIRFilterStreaming input:         952
# FIRFilterStreaming output:      113320
# FIRFilterStreaming input:         953
# FIRFilterStreaming output:      113440
# FIRFilterStreaming input:         954
# FIRFilterStreaming output:      113560
# FIRFilterStreaming input:         955
# FIRFilterStreaming output:      113680
# FIRFilterStreaming input:         956
# FIRFilterStreaming output:      113800
# FIRFilterStreaming input:         957
# FIRFilterStreaming output:      113920
# FIRFilterStreaming input:         958
# FIRFilterStreaming output:      114040
# FIRFilterStreaming input:         959
# FIRFilterStreaming output:      114160
# FIRFilterStreaming input:         960
# FIRFilterStreaming output:      114280
# FIRFilterStreaming input:         961
# FIRFilterStreaming output:      114400
# FIRFilterStreaming input:         962
# FIRFilterStreaming output:      114520
# FIRFilterStreaming input:         963
# FIRFilterStreaming output:      114640
# FIRFilterStreaming input:         964
# FIRFilterStreaming output:      114760
# FIRFilterStreaming input:         965
# FIRFilterStreaming output:      114880
# FIRFilterStreaming input:         966
# FIRFilterStreaming output:      115000
# FIRFilterStreaming input:         967
# FIRFilterStreaming output:      115120
# FIRFilterStreaming input:         968
# FIRFilterStreaming output:      115240
# FIRFilterStreaming input:         969
# FIRFilterStreaming output:      115360
# FIRFilterStreaming input:         970
# FIRFilterStreaming output:      115480
# FIRFilterStreaming input:         971
# FIRFilterStreaming output:      115600
# FIRFilterStreaming input:         972
# FIRFilterStreaming output:      115720
# FIRFilterStreaming input:         973
# FIRFilterStreaming output:      115840
# FIRFilterStreaming input:         974
# FIRFilterStreaming output:      115960
# FIRFilterStreaming input:         975
# FIRFilterStreaming output:      116080
# FIRFilterStreaming input:         976
# FIRFilterStreaming output:      116200
# FIRFilterStreaming input:         977
# FIRFilterStreaming output:      116320
# FIRFilterStreaming input:         978
# FIRFilterStreaming output:      116440
# FIRFilterStreaming input:         979
# FIRFilterStreaming output:      116560
# FIRFilterStreaming input:         980
# FIRFilterStreaming output:      116680
# FIRFilterStreaming input:         981
# FIRFilterStreaming output:      116800
# FIRFilterStreaming input:         982
# FIRFilterStreaming output:      116920
# FIRFilterStreaming input:         983
# FIRFilterStreaming output:      117040
# FIRFilterStreaming input:         984
# FIRFilterStreaming output:      117160
# FIRFilterStreaming input:         985
# FIRFilterStreaming output:      117280
# FIRFilterStreaming input:         986
# FIRFilterStreaming output:      117400
# FIRFilterStreaming input:         987
# FIRFilterStreaming output:      117520
# FIRFilterStreaming input:         988
# FIRFilterStreaming output:      117640
# FIRFilterStreaming input:         989
# FIRFilterStreaming output:      117760
# FIRFilterStreaming input:         990
# FIRFilterStreaming output:      117880
# FIRFilterStreaming input:         991
# FIRFilterStreaming output:      118000
# FIRFilterStreaming input:         992
# FIRFilterStreaming output:      118120
# FIRFilterStreaming input:         993
# FIRFilterStreaming output:      118240
# FIRFilterStreaming input:         994
# FIRFilterStreaming output:      118360
# FIRFilterStreaming input:         995
# FIRFilterStreaming output:      118480
# FIRFilterStreaming input:         996
# FIRFilterStreaming output:      118600
# FIRFilterStreaming input:         997
# FIRFilterStreaming output:      118720
# FIRFilterStreaming input:         998
# FIRFilterStreaming output:      118840
# FIRFilterStreaming input:         999
# FIRFilterStreaming output:      118960
# FIRFilterStreaming input:        1000
# FIRFilterStreaming output:      119080
# FIRFilterStreaming input:        1001
# FIRFilterStreaming output:      119200
# FIRFilterStreaming input:        1002
# FIRFilterStreaming output:      119320
# FIRFilterStreaming input:        1003
# FIRFilterStreaming output:      119440
# FIRFilterStreaming input:        1004
# FIRFilterStreaming output:      119560
# FIRFilterStreaming input:        1005
# FIRFilterStreaming output:      119680
# FIRFilterStreaming input:        1006
# FIRFilterStreaming output:      119800
# FIRFilterStreaming input:        1007
# FIRFilterStreaming output:      119920
# FIRFilterStreaming input:        1008
# FIRFilterStreaming output:      120040
# FIRFilterStreaming input:        1009
# FIRFilterStreaming output:      120160
# FIRFilterStreaming input:        1010
# FIRFilterStreaming output:      120280
# FIRFilterStreaming input:        1011
# FIRFilterStreaming output:      120400
# FIRFilterStreaming input:        1012
# FIRFilterStreaming output:      120520
# FIRFilterStreaming input:        1013
# FIRFilterStreaming output:      120640
# FIRFilterStreaming input:        1014
# FIRFilterStreaming output:      120760
# FIRFilterStreaming input:        1015
# FIRFilterStreaming output:      120880
# FIRFilterStreaming input:        1016
# FIRFilterStreaming output:      121000
# FIRFilterStreaming input:        1017
# FIRFilterStreaming output:      121120
# FIRFilterStreaming input:        1018
# FIRFilterStreaming output:      121240
# FIRFilterStreaming input:        1019
# FIRFilterStreaming output:      121360
# FIRFilterStreaming input:        1020
# FIRFilterStreaming output:      121480
# FIRFilterStreaming input:        1021
# FIRFilterStreaming output:      121600
# FIRFilterStreaming input:        1022
# FIRFilterStreaming output:      121720
# FIRFilterStreaming input:        1023
# FIRFilterStreaming output:      121840
# FIRFilterStreaming input:        1024
# FIRFilterStreaming output:      121960
# FIRFilterStreaming input:        1025
# FIRFilterStreaming output:      122080
# FIRFilterStreaming output:      122200
# FIRFilterStreaming input:        1026
# FIRFilterStreaming output:      122320
# At cycle        1029: PASS
# ** Note: $finish    : ../streaming_tb.v(114)
#    Time: 20630 ns  Iteration: 1  Instance: /streaming_tb
# End time: 14:12:42 on Dec 05,2020, Elapsed time: 0:00:01
# Errors: 0, Warnings: 0
make[1]: Leaving directory '/cygdrive/c/LegUp-8.1/workspace/wake_word_hdl'
make[1]: Entering directory '/cygdrive/c/LegUp-8.1/workspace/wake_word_hdl'
make[1]: Leaving directory '/cygdrive/c/LegUp-8.1/workspace/wake_word_hdl'
